create world
set global model
create macro map
add settlements
create world
set global model
create macro map
add settlements
create world
set global model
create macro map
add settlements
create world
set global model
create macro map
create world
set global model
create macro map
add settlements
create world
set global model
create macro map
add settlements
create world
set global model
create macro map
add settlements
create world
set global model
create macro map
add settlements
create world
set global model
create macro map
add settlements
create world
set global model
create macro map
add settlements
create world
set global model
create macro map
add settlements
create world
set global model
create macro map
add settlements
create world
set global model
create macro map
add settlements
create world
set global model
create macro map
add settlements
create world
set global model
create macro map
add settlements
create world
set global model
create macro map
add settlements
create world
set global model
create macro map
add settlements
create world
set global model
create macro map
add settlements
create world
set global model
create macro map
add settlements
create world
set global model
create macro map
add settlements
create world
set global model
create macro map
add settlements
create world
set global model
create macro map
add settlements
create world
set global model
create macro map
add settlements
create world
set global model
create macro map
add settlements
Sample debug message
Sample info message
Sample warn message
Sample error message
Sample fatal message
add settlements
